{"D:\\cc\\pl\\parkingLot-Builder-expo2\\src\\screens\\Home.tsx": {"path":"D:\\cc\\pl\\parkingLot-Builder-expo2\\src\\screens\\Home.tsx","statementMap":{"0":{"start":{"line":10,"column":17},"end":{"line":36,"column":1}},"1":{"start":{"line":11,"column":25},"end":{"line":11,"column":44}},"2":{"start":{"line":13,"column":20},"end":{"line":13,"column":74}},"3":{"start":{"line":15,"column":1},"end":{"line":35,"column":3}},"4":{"start":{"line":23,"column":28},"end":{"line":23,"column":49}},"5":{"start":{"line":31,"column":5},"end":{"line":31,"column":49}}},"fnMap":{"0":{"name":"(anonymous_0)","decl":{"start":{"line":10,"column":17},"end":{"line":10,"column":18}},"loc":{"start":{"line":10,"column":23},"end":{"line":36,"column":1}},"line":10},"1":{"name":"(anonymous_1)","decl":{"start":{"line":23,"column":18},"end":{"line":23,"column":19}},"loc":{"start":{"line":23,"column":28},"end":{"line":23,"column":49}},"line":23},"2":{"name":"(anonymous_2)","decl":{"start":{"line":30,"column":13},"end":{"line":30,"column":14}},"loc":{"start":{"line":30,"column":19},"end":{"line":32,"column":5}},"line":30}},"branchMap":{},"s":{"0":1,"1":5,"2":5,"3":5,"4":1,"5":1},"f":{"0":5,"1":1,"2":1},"b":{},"_coverageSchema":"1a1c01bbd47fc00a2c39e90264f33305004495a9","hash":"eb1b2b5efbb17f13fb0578bd8abe1a67ac564ed6"}
,"D:\\cc\\pl\\parkingLot-Builder-expo2\\src\\screens\\Lots.tsx": {"path":"D:\\cc\\pl\\parkingLot-Builder-expo2\\src\\screens\\Lots.tsx","statementMap":{"0":{"start":{"line":26,"column":32},"end":{"line":244,"column":1}},"1":{"start":{"line":27,"column":34},"end":{"line":27,"column":53}},"2":{"start":{"line":28,"column":38},"end":{"line":28,"column":57}},"3":{"start":{"line":29,"column":42},"end":{"line":29,"column":67}},"4":{"start":{"line":30,"column":24},"end":{"line":30,"column":44}},"5":{"start":{"line":31,"column":42},"end":{"line":31,"column":66}},"6":{"start":{"line":32,"column":48},"end":{"line":32,"column":72}},"7":{"start":{"line":33,"column":36},"end":{"line":33,"column":60}},"8":{"start":{"line":34,"column":28},"end":{"line":34,"column":43}},"9":{"start":{"line":36,"column":24},"end":{"line":36,"column":43}},"10":{"start":{"line":37,"column":26},"end":{"line":37,"column":45}},"11":{"start":{"line":39,"column":2},"end":{"line":41,"column":9}},"12":{"start":{"line":40,"column":4},"end":{"line":40,"column":15}},"13":{"start":{"line":43,"column":2},"end":{"line":45,"column":17}},"14":{"start":{"line":44,"column":4},"end":{"line":44,"column":56}},"15":{"start":{"line":44,"column":45},"end":{"line":44,"column":53}},"16":{"start":{"line":48,"column":20},"end":{"line":48,"column":22}},"17":{"start":{"line":49,"column":4},"end":{"line":56,"column":5}},"18":{"start":{"line":49,"column":17},"end":{"line":49,"column":18}},"19":{"start":{"line":50,"column":6},"end":{"line":55,"column":9}},"20":{"start":{"line":57,"column":4},"end":{"line":57,"column":27}},"21":{"start":{"line":61,"column":22},"end":{"line":61,"column":69}},"22":{"start":{"line":62,"column":4},"end":{"line":62,"column":46}},"23":{"start":{"line":66,"column":4},"end":{"line":66,"column":15}},"24":{"start":{"line":67,"column":4},"end":{"line":79,"column":5}},"25":{"start":{"line":68,"column":6},"end":{"line":70,"column":7}},"26":{"start":{"line":69,"column":8},"end":{"line":69,"column":20}},"27":{"start":{"line":71,"column":6},"end":{"line":73,"column":7}},"28":{"start":{"line":72,"column":8},"end":{"line":72,"column":30}},"29":{"start":{"line":75,"column":6},"end":{"line":75,"column":25}},"30":{"start":{"line":76,"column":6},"end":{"line":78,"column":15}},"31":{"start":{"line":77,"column":8},"end":{"line":77,"column":28}},"32":{"start":{"line":83,"column":4},"end":{"line":83,"column":59}},"33":{"start":{"line":84,"column":4},"end":{"line":84,"column":18}},"34":{"start":{"line":88,"column":23},"end":{"line":90,"column":5}},"35":{"start":{"line":91,"column":4},"end":{"line":91,"column":28}},"36":{"start":{"line":92,"column":24},"end":{"line":92,"column":65}},"37":{"start":{"line":93,"column":4},"end":{"line":93,"column":29}},"38":{"start":{"line":94,"column":4},"end":{"line":94,"column":24}},"39":{"start":{"line":96,"column":4},"end":{"line":100,"column":5}},"40":{"start":{"line":97,"column":6},"end":{"line":97,"column":18}},"41":{"start":{"line":99,"column":6},"end":{"line":99,"column":43}},"42":{"start":{"line":103,"column":2},"end":{"line":243,"column":4}},"43":{"start":{"line":108,"column":25},"end":{"line":108,"column":44}},"44":{"start":{"line":120,"column":14},"end":{"line":120,"column":27}},"45":{"start":{"line":130,"column":16},"end":{"line":144,"column":17}},"46":{"start":{"line":131,"column":18},"end":{"line":142,"column":20}},"47":{"start":{"line":133,"column":22},"end":{"line":140,"column":30}},"48":{"start":{"line":143,"column":18},"end":{"line":143,"column":41}},"49":{"start":{"line":150,"column":16},"end":{"line":150,"column":39}},"50":{"start":{"line":160,"column":10},"end":{"line":160,"column":28}},"51":{"start":{"line":173,"column":29},"end":{"line":173,"column":34}},"52":{"start":{"line":174,"column":16},"end":{"line":181,"column":21}},"53":{"start":{"line":180,"column":20},"end":{"line":180,"column":37}},"54":{"start":{"line":182,"column":16},"end":{"line":193,"column":18}},"55":{"start":{"line":184,"column":20},"end":{"line":191,"column":28}},"56":{"start":{"line":194,"column":16},"end":{"line":194,"column":27}},"57":{"start":{"line":195,"column":16},"end":{"line":195,"column":26}},"58":{"start":{"line":196,"column":16},"end":{"line":196,"column":42}},"59":{"start":{"line":202,"column":16},"end":{"line":202,"column":27}},"60":{"start":{"line":203,"column":16},"end":{"line":203,"column":26}},"61":{"start":{"line":204,"column":16},"end":{"line":204,"column":42}},"62":{"start":{"line":211,"column":39},"end":{"line":211,"column":54}},"63":{"start":{"line":217,"column":12},"end":{"line":238,"column":31}},"64":{"start":{"line":220,"column":16},"end":{"line":220,"column":39}},"65":{"start":{"line":221,"column":16},"end":{"line":221,"column":70}}},"fnMap":{"0":{"name":"(anonymous_0)","decl":{"start":{"line":26,"column":32},"end":{"line":26,"column":33}},"loc":{"start":{"line":26,"column":43},"end":{"line":244,"column":1}},"line":26},"1":{"name":"(anonymous_1)","decl":{"start":{"line":39,"column":12},"end":{"line":39,"column":13}},"loc":{"start":{"line":39,"column":18},"end":{"line":41,"column":3}},"line":39},"2":{"name":"(anonymous_2)","decl":{"start":{"line":43,"column":12},"end":{"line":43,"column":13}},"loc":{"start":{"line":43,"column":18},"end":{"line":45,"column":3}},"line":43},"3":{"name":"(anonymous_3)","decl":{"start":{"line":44,"column":36},"end":{"line":44,"column":37}},"loc":{"start":{"line":44,"column":45},"end":{"line":44,"column":53}},"line":44},"4":{"name":"drawLots","decl":{"start":{"line":47,"column":11},"end":{"line":47,"column":19}},"loc":{"start":{"line":47,"column":22},"end":{"line":58,"column":3}},"line":47},"5":{"name":"getRandom","decl":{"start":{"line":60,"column":11},"end":{"line":60,"column":20}},"loc":{"start":{"line":60,"column":23},"end":{"line":63,"column":3}},"line":60},"6":{"name":"handleAdd","decl":{"start":{"line":65,"column":11},"end":{"line":65,"column":20}},"loc":{"start":{"line":65,"column":38},"end":{"line":80,"column":3}},"line":65},"7":{"name":"(anonymous_7)","decl":{"start":{"line":76,"column":17},"end":{"line":76,"column":18}},"loc":{"start":{"line":76,"column":23},"end":{"line":78,"column":7}},"line":76},"8":{"name":"handleRemove","decl":{"start":{"line":82,"column":11},"end":{"line":82,"column":23}},"loc":{"start":{"line":82,"column":34},"end":{"line":85,"column":3}},"line":82},"9":{"name":"calculateHrsAmt","decl":{"start":{"line":87,"column":11},"end":{"line":87,"column":26}},"loc":{"start":{"line":87,"column":29},"end":{"line":101,"column":3}},"line":87},"10":{"name":"(anonymous_10)","decl":{"start":{"line":108,"column":19},"end":{"line":108,"column":20}},"loc":{"start":{"line":108,"column":25},"end":{"line":108,"column":44}},"line":108},"11":{"name":"(anonymous_11)","decl":{"start":{"line":119,"column":26},"end":{"line":119,"column":27}},"loc":{"start":{"line":119,"column":36},"end":{"line":121,"column":13}},"line":119},"12":{"name":"(anonymous_12)","decl":{"start":{"line":129,"column":23},"end":{"line":129,"column":24}},"loc":{"start":{"line":129,"column":29},"end":{"line":145,"column":15}},"line":129},"13":{"name":"(anonymous_13)","decl":{"start":{"line":132,"column":33},"end":{"line":132,"column":34}},"loc":{"start":{"line":132,"column":42},"end":{"line":141,"column":21}},"line":132},"14":{"name":"(anonymous_14)","decl":{"start":{"line":149,"column":23},"end":{"line":149,"column":24}},"loc":{"start":{"line":149,"column":29},"end":{"line":151,"column":15}},"line":149},"15":{"name":"(anonymous_15)","decl":{"start":{"line":159,"column":16},"end":{"line":159,"column":17}},"loc":{"start":{"line":159,"column":22},"end":{"line":161,"column":9}},"line":159},"16":{"name":"(anonymous_16)","decl":{"start":{"line":172,"column":23},"end":{"line":172,"column":24}},"loc":{"start":{"line":172,"column":29},"end":{"line":197,"column":15}},"line":172},"17":{"name":"(anonymous_17)","decl":{"start":{"line":179,"column":24},"end":{"line":179,"column":25}},"loc":{"start":{"line":179,"column":38},"end":{"line":181,"column":19}},"line":179},"18":{"name":"(anonymous_18)","decl":{"start":{"line":183,"column":31},"end":{"line":183,"column":32}},"loc":{"start":{"line":183,"column":40},"end":{"line":192,"column":19}},"line":183},"19":{"name":"(anonymous_19)","decl":{"start":{"line":201,"column":23},"end":{"line":201,"column":24}},"loc":{"start":{"line":201,"column":29},"end":{"line":205,"column":15}},"line":201},"20":{"name":"(anonymous_20)","decl":{"start":{"line":211,"column":33},"end":{"line":211,"column":34}},"loc":{"start":{"line":211,"column":39},"end":{"line":211,"column":54}},"line":211},"21":{"name":"(anonymous_21)","decl":{"start":{"line":216,"column":22},"end":{"line":216,"column":23}},"loc":{"start":{"line":217,"column":12},"end":{"line":238,"column":31}},"line":217},"22":{"name":"(anonymous_22)","decl":{"start":{"line":219,"column":23},"end":{"line":219,"column":24}},"loc":{"start":{"line":219,"column":29},"end":{"line":222,"column":15}},"line":219}},"branchMap":{"0":{"loc":{"start":{"line":67,"column":4},"end":{"line":79,"column":5}},"type":"if","locations":[{"start":{"line":67,"column":4},"end":{"line":79,"column":5}},{"start":{"line":74,"column":11},"end":{"line":79,"column":5}}],"line":67},"1":{"loc":{"start":{"line":68,"column":6},"end":{"line":70,"column":7}},"type":"if","locations":[{"start":{"line":68,"column":6},"end":{"line":70,"column":7}},{"start":{},"end":{}}],"line":68},"2":{"loc":{"start":{"line":71,"column":6},"end":{"line":73,"column":7}},"type":"if","locations":[{"start":{"line":71,"column":6},"end":{"line":73,"column":7}},{"start":{},"end":{}}],"line":71},"3":{"loc":{"start":{"line":83,"column":4},"end":{"line":83,"column":58}},"type":"binary-expr","locations":[{"start":{"line":83,"column":4},"end":{"line":83,"column":30}},{"start":{"line":83,"column":34},"end":{"line":83,"column":58}}],"line":83},"4":{"loc":{"start":{"line":96,"column":4},"end":{"line":100,"column":5}},"type":"if","locations":[{"start":{"line":96,"column":4},"end":{"line":100,"column":5}},{"start":{"line":98,"column":11},"end":{"line":100,"column":5}}],"line":96},"5":{"loc":{"start":{"line":130,"column":16},"end":{"line":144,"column":17}},"type":"if","locations":[{"start":{"line":130,"column":16},"end":{"line":144,"column":17}},{"start":{},"end":{}}],"line":130},"6":{"loc":{"start":{"line":133,"column":29},"end":{"line":140,"column":29}},"type":"cond-expr","locations":[{"start":{"line":134,"column":26},"end":{"line":139,"column":27}},{"start":{"line":140,"column":26},"end":{"line":140,"column":29}}],"line":133},"7":{"loc":{"start":{"line":184,"column":27},"end":{"line":191,"column":27}},"type":"cond-expr","locations":[{"start":{"line":185,"column":24},"end":{"line":190,"column":25}},{"start":{"line":191,"column":24},"end":{"line":191,"column":27}}],"line":184},"8":{"loc":{"start":{"line":221,"column":16},"end":{"line":221,"column":69}},"type":"cond-expr","locations":[{"start":{"line":221,"column":28},"end":{"line":221,"column":44}},{"start":{"line":221,"column":47},"end":{"line":221,"column":69}}],"line":221},"9":{"loc":{"start":{"line":227,"column":35},"end":{"line":227,"column":61}},"type":"cond-expr","locations":[{"start":{"line":227,"column":47},"end":{"line":227,"column":53}},{"start":{"line":227,"column":56},"end":{"line":227,"column":61}}],"line":227},"10":{"loc":{"start":{"line":235,"column":19},"end":{"line":235,"column":65}},"type":"cond-expr","locations":[{"start":{"line":235,"column":31},"end":{"line":235,"column":37}},{"start":{"line":235,"column":40},"end":{"line":235,"column":65}}],"line":235}},"s":{"0":1,"1":12,"2":12,"3":12,"4":12,"5":12,"6":12,"7":12,"8":12,"9":12,"10":12,"11":12,"12":4,"13":12,"14":8,"15":8,"16":4,"17":4,"18":4,"19":8,"20":4,"21":0,"22":0,"23":0,"24":0,"25":0,"26":0,"27":0,"28":0,"29":0,"30":0,"31":0,"32":0,"33":0,"34":0,"35":0,"36":0,"37":0,"38":0,"39":0,"40":0,"41":0,"42":12,"43":0,"44":0,"45":0,"46":0,"47":0,"48":0,"49":0,"50":0,"51":0,"52":0,"53":0,"54":0,"55":0,"56":0,"57":0,"58":0,"59":0,"60":0,"61":0,"62":0,"63":16,"64":0,"65":0},"f":{"0":12,"1":4,"2":8,"3":8,"4":4,"5":0,"6":0,"7":0,"8":0,"9":0,"10":0,"11":0,"12":0,"13":0,"14":0,"15":0,"16":0,"17":0,"18":0,"19":0,"20":0,"21":16,"22":0},"b":{"0":[0,0],"1":[0,0],"2":[0,0],"3":[0,0],"4":[0,0],"5":[0,0],"6":[0,0],"7":[0,0],"8":[0,0],"9":[16,0],"10":[16,0]},"_coverageSchema":"1a1c01bbd47fc00a2c39e90264f33305004495a9","hash":"4ccb5256034ee022335e710f348c79b28c70c224"}
,"D:\\cc\\pl\\parkingLot-Builder-expo2\\src\\styles\\screens.tsx": {"path":"D:\\cc\\pl\\parkingLot-Builder-expo2\\src\\styles\\screens.tsx","statementMap":{"0":{"start":{"line":5,"column":21},"end":{"line":63,"column":2}}},"fnMap":{},"branchMap":{},"s":{"0":2},"f":{},"b":{},"_coverageSchema":"1a1c01bbd47fc00a2c39e90264f33305004495a9","hash":"22303720b3dc38db5bdf62382e8a67cb97e0ecad"}
}
