TN:
SF:src\screens\Home.tsx
FN:10,(anonymous_0)
FN:23,(anonymous_1)
FN:30,(anonymous_2)
FNF:3
FNH:3
FNDA:5,(anonymous_0)
FNDA:1,(anonymous_1)
FNDA:1,(anonymous_2)
DA:10,1
DA:11,5
DA:13,5
DA:15,5
DA:23,1
DA:31,1
LF:6
LH:6
BRF:0
BRH:0
end_of_record
TN:
SF:src\screens\Lots.tsx
FN:26,(anonymous_0)
FN:39,(anonymous_1)
FN:43,(anonymous_2)
FN:44,(anonymous_3)
FN:47,drawLots
FN:60,getRandom
FN:65,handleAdd
FN:76,(anonymous_7)
FN:82,handleRemove
FN:87,calculateHrsAmt
FN:108,(anonymous_10)
FN:119,(anonymous_11)
FN:129,(anonymous_12)
FN:132,(anonymous_13)
FN:149,(anonymous_14)
FN:159,(anonymous_15)
FN:172,(anonymous_16)
FN:179,(anonymous_17)
FN:183,(anonymous_18)
FN:201,(anonymous_19)
FN:211,(anonymous_20)
FN:216,(anonymous_21)
FN:219,(anonymous_22)
FNF:23
FNH:6
FNDA:12,(anonymous_0)
FNDA:4,(anonymous_1)
FNDA:8,(anonymous_2)
FNDA:8,(anonymous_3)
FNDA:4,drawLots
FNDA:0,getRandom
FNDA:0,handleAdd
FNDA:0,(anonymous_7)
FNDA:0,handleRemove
FNDA:0,calculateHrsAmt
FNDA:0,(anonymous_10)
FNDA:0,(anonymous_11)
FNDA:0,(anonymous_12)
FNDA:0,(anonymous_13)
FNDA:0,(anonymous_14)
FNDA:0,(anonymous_15)
FNDA:0,(anonymous_16)
FNDA:0,(anonymous_17)
FNDA:0,(anonymous_18)
FNDA:0,(anonymous_19)
FNDA:0,(anonymous_20)
FNDA:16,(anonymous_21)
FNDA:0,(anonymous_22)
DA:26,1
DA:27,12
DA:28,12
DA:29,12
DA:30,12
DA:31,12
DA:32,12
DA:33,12
DA:34,12
DA:36,12
DA:37,12
DA:39,12
DA:40,4
DA:43,12
DA:44,8
DA:48,4
DA:49,4
DA:50,8
DA:57,4
DA:61,0
DA:62,0
DA:66,0
DA:67,0
DA:68,0
DA:69,0
DA:71,0
DA:72,0
DA:75,0
DA:76,0
DA:77,0
DA:83,0
DA:84,0
DA:88,0
DA:91,0
DA:92,0
DA:93,0
DA:94,0
DA:96,0
DA:97,0
DA:99,0
DA:103,12
DA:108,0
DA:120,0
DA:130,0
DA:131,0
DA:133,0
DA:143,0
DA:150,0
DA:160,0
DA:173,0
DA:174,0
DA:180,0
DA:182,0
DA:184,0
DA:194,0
DA:195,0
DA:196,0
DA:202,0
DA:203,0
DA:204,0
DA:211,0
DA:217,16
DA:220,0
DA:221,0
LF:64
LH:21
BRDA:67,0,0,0
BRDA:67,0,1,0
BRDA:68,1,0,0
BRDA:68,1,1,0
BRDA:71,2,0,0
BRDA:71,2,1,0
BRDA:83,3,0,0
BRDA:83,3,1,0
BRDA:96,4,0,0
BRDA:96,4,1,0
BRDA:130,5,0,0
BRDA:130,5,1,0
BRDA:133,6,0,0
BRDA:133,6,1,0
BRDA:184,7,0,0
BRDA:184,7,1,0
BRDA:221,8,0,0
BRDA:221,8,1,0
BRDA:227,9,0,16
BRDA:227,9,1,0
BRDA:235,10,0,16
BRDA:235,10,1,0
BRF:22
BRH:2
end_of_record
TN:
SF:src\styles\screens.tsx
FNF:0
FNH:0
DA:5,2
LF:1
LH:1
BRF:0
BRH:0
end_of_record
