TN:
SF:src\screens\Home.tsx
FN:10,(anonymous_0)
FN:23,(anonymous_1)
FN:30,(anonymous_2)
FNF:3
FNH:3
FNDA:5,(anonymous_0)
FNDA:1,(anonymous_1)
FNDA:1,(anonymous_2)
DA:10,1
DA:11,5
DA:13,5
DA:15,5
DA:23,1
DA:31,1
LF:6
LH:6
BRF:0
BRH:0
end_of_record
TN:
SF:src\screens\Lots.tsx
FN:26,(anonymous_0)
FN:39,(anonymous_1)
FN:43,(anonymous_2)
FN:44,(anonymous_3)
FN:47,drawLots
FN:60,getRandom
FN:65,handleAdd
FN:76,(anonymous_7)
FN:82,handleRemove
FN:87,calculateHrsAmt
FN:108,(anonymous_10)
FN:120,(anonymous_11)
FN:131,(anonymous_12)
FN:134,(anonymous_13)
FN:152,(anonymous_14)
FN:163,(anonymous_15)
FN:177,(anonymous_16)
FN:184,(anonymous_17)
FN:188,(anonymous_18)
FN:207,(anonymous_19)
FN:217,(anonymous_20)
FN:223,(anonymous_21)
FN:227,(anonymous_22)
FNF:23
FNH:15
FNDA:15,(anonymous_0)
FNDA:4,(anonymous_1)
FNDA:9,(anonymous_2)
FNDA:10,(anonymous_3)
FNDA:4,drawLots
FNDA:1,getRandom
FNDA:1,handleAdd
FNDA:0,(anonymous_7)
FNDA:0,handleRemove
FNDA:0,calculateHrsAmt
FNDA:0,(anonymous_10)
FNDA:1,(anonymous_11)
FNDA:1,(anonymous_12)
FNDA:0,(anonymous_13)
FNDA:1,(anonymous_14)
FNDA:0,(anonymous_15)
FNDA:1,(anonymous_16)
FNDA:0,(anonymous_17)
FNDA:2,(anonymous_18)
FNDA:1,(anonymous_19)
FNDA:1,(anonymous_20)
FNDA:22,(anonymous_21)
FNDA:0,(anonymous_22)
DA:26,1
DA:27,15
DA:28,15
DA:29,15
DA:30,15
DA:31,15
DA:32,15
DA:33,15
DA:34,15
DA:36,15
DA:37,15
DA:39,15
DA:40,4
DA:43,15
DA:44,10
DA:48,4
DA:49,4
DA:50,8
DA:57,4
DA:61,1
DA:62,1
DA:66,1
DA:67,1
DA:68,1
DA:69,1
DA:71,1
DA:72,1
DA:75,0
DA:76,0
DA:77,0
DA:83,0
DA:84,0
DA:88,0
DA:91,0
DA:92,0
DA:93,0
DA:94,0
DA:96,0
DA:97,0
DA:99,0
DA:103,15
DA:108,0
DA:121,1
DA:132,1
DA:133,0
DA:135,0
DA:145,0
DA:153,1
DA:164,0
DA:178,1
DA:179,1
DA:185,0
DA:187,1
DA:189,2
DA:199,1
DA:200,1
DA:201,1
DA:208,1
DA:209,1
DA:210,1
DA:217,1
DA:224,22
DA:228,0
DA:229,0
LF:64
LH:43
BRDA:67,0,0,1
BRDA:67,0,1,0
BRDA:68,1,0,1
BRDA:68,1,1,0
BRDA:71,2,0,1
BRDA:71,2,1,0
BRDA:83,3,0,0
BRDA:83,3,1,0
BRDA:96,4,0,0
BRDA:96,4,1,0
BRDA:132,5,0,0
BRDA:132,5,1,1
BRDA:135,6,0,0
BRDA:135,6,1,0
BRDA:189,7,0,1
BRDA:189,7,1,1
BRDA:229,8,0,0
BRDA:229,8,1,0
BRDA:235,9,0,22
BRDA:235,9,1,0
BRDA:243,10,0,22
BRDA:243,10,1,0
BRF:22
BRH:8
end_of_record
TN:
SF:src\styles\screens.tsx
FNF:0
FNH:0
DA:5,2
LF:1
LH:1
BRF:0
BRH:0
end_of_record
